\BOOKMARK [0][-]{chapter.1}{\376\377\000I\000n\000t\000r\000o\000d\000u\000c\000t\000i\000o\000n}{}% 1
\BOOKMARK [1][-]{section.1.1}{\376\377\000M\000o\000t\000i\000v\000a\000t\000i\000o\000n}{chapter.1}% 2
\BOOKMARK [1][-]{section.1.2}{\376\377\000P\000r\000o\000b\000l\000e\000m\000\040\000s\000t\000a\000t\000e\000m\000e\000n\000t}{chapter.1}% 3
\BOOKMARK [1][-]{section.1.3}{\376\377\000R\000e\000s\000e\000a\000r\000c\000h\000\040\000g\000o\000a\000l\000s}{chapter.1}% 4
\BOOKMARK [1][-]{section.1.4}{\376\377\000S\000t\000r\000u\000c\000t\000u\000r\000e\000\040\000o\000f\000\040\000t\000h\000e\000\040\000T\000h\000e\000s\000i\000s}{chapter.1}% 5
\BOOKMARK [0][-]{chapter.2}{\376\377\000F\000u\000n\000d\000a\000m\000e\000n\000t\000a\000l\000s\000\040\000o\000f\000\040\000S\000L\000A\000M\000\040\000a\000n\000d\000\040\000C\000o\000l\000l\000a\000b\000o\000r\000a\000t\000i\000v\000e\000\040\000S\000L\000A\000M}{}% 6
\BOOKMARK [1][-]{section.2.1}{\376\377\000S\000i\000n\000g\000l\000e\000-\000A\000g\000e\000n\000t\000\040\000S\000L\000A\000M}{chapter.2}% 7
\BOOKMARK [2][-]{subsection.2.1.1}{\376\377\000P\000r\000o\000b\000l\000e\000m\000\040\000D\000e\000f\000i\000n\000i\000t\000i\000o\000n}{section.2.1}% 8
\BOOKMARK [2][-]{subsection.2.1.2}{\376\377\000G\000r\000a\000p\000h\000-\000B\000a\000s\000e\000d\000\040\000S\000L\000A\000M\000\040\000F\000r\000a\000m\000e\000w\000o\000r\000k}{section.2.1}% 9
\BOOKMARK [2][-]{subsection.2.1.3}{\376\377\000S\000L\000A\000M\000\040\000S\000y\000s\000t\000e\000m\000\040\000A\000r\000c\000h\000i\000t\000e\000c\000t\000u\000r\000e}{section.2.1}% 10
\BOOKMARK [1][-]{section.2.2}{\376\377\000C\000o\000l\000l\000a\000b\000o\000r\000a\000t\000i\000v\000e\000\040\000S\000L\000A\000M}{chapter.2}% 11
\BOOKMARK [2][-]{subsection.2.2.1}{\376\377\000M\000u\000l\000t\000i\000-\000r\000o\000b\000o\000t\000\040\000s\000t\000a\000t\000e\000\040\000a\000n\000d\000\040\000p\000o\000s\000e\000\040\000g\000r\000a\000p\000h}{section.2.2}% 12
\BOOKMARK [2][-]{subsection.2.2.2}{\376\377\000I\000n\000t\000e\000r\000-\000r\000o\000b\000o\000t\000\040\000l\000o\000o\000p\000\040\000c\000l\000o\000s\000u\000r\000e\000s}{section.2.2}% 13
\BOOKMARK [2][-]{subsection.2.2.3}{\376\377\000A\000r\000c\000h\000i\000t\000e\000c\000t\000u\000r\000a\000l\000\040\000C\000l\000a\000s\000s\000e\000s\000\040\000f\000o\000r\000\040\000C\000o\000l\000l\000a\000b\000o\000r\000a\000t\000i\000v\000e\000\040\000S\000L\000A\000M}{section.2.2}% 14
\BOOKMARK [0][-]{chapter.3}{\376\377\000S\000t\000a\000t\000e\000\040\000o\000f\000\040\000t\000h\000e\000\040\000A\000r\000t}{}% 15
\BOOKMARK [1][-]{section.3.1}{\376\377\000C\000e\000n\000t\000r\000a\000l\000i\000s\000e\000d\000\040\000C\000-\000S\000L\000A\000M}{chapter.3}% 16
\BOOKMARK [2][-]{subsection.3.1.1}{\376\377\000A\000r\000c\000h\000i\000t\000e\000c\000t\000u\000r\000a\000l\000\040\000p\000a\000t\000t\000e\000r\000n\000s}{section.3.1}% 17
\BOOKMARK [2][-]{subsection.3.1.2}{\376\377\000P\000e\000r\000f\000o\000r\000m\000a\000n\000c\000e\000\040\000i\000m\000p\000l\000i\000c\000a\000t\000i\000o\000n\000s}{section.3.1}% 18
\BOOKMARK [1][-]{section.3.2}{\376\377\000D\000e\000c\000e\000n\000t\000r\000a\000l\000i\000s\000e\000d\000/\000D\000i\000s\000t\000r\000i\000b\000u\000t\000e\000d\000\040\000C\000o\000l\000l\000a\000b\000o\000r\000a\000t\000i\000v\000e\000\040\000S\000L\000A\000M}{chapter.3}% 19
\BOOKMARK [2][-]{subsection.3.2.1}{\376\377\000A\000r\000c\000h\000i\000t\000e\000c\000t\000u\000r\000a\000l\000\040\000p\000a\000t\000t\000e\000r\000n\000s}{section.3.2}% 20
\BOOKMARK [2][-]{subsection.3.2.2}{\376\377\000P\000e\000r\000f\000o\000r\000m\000a\000n\000c\000e\000\040\000i\000m\000p\000l\000i\000c\000a\000t\000i\000o\000n\000s}{section.3.2}% 21
\BOOKMARK [1][-]{section.3.3}{\376\377\000C\000o\000m\000p\000a\000r\000a\000t\000i\000v\000e\000\040\000s\000y\000n\000t\000h\000e\000s\000i\000s}{chapter.3}% 22
\BOOKMARK [0][-]{chapter.4}{\376\377\000M\000e\000t\000h\000o\000d\000o\000l\000o\000g\000y}{}% 23
\BOOKMARK [1][-]{section.4.1}{\376\377\000E\000x\000p\000e\000r\000i\000m\000e\000n\000t\000a\000l\000\040\000D\000e\000s\000i\000g\000n}{chapter.4}% 24
\BOOKMARK [1][-]{section.4.2}{\376\377\000S\000t\000a\000t\000e\000\040\000R\000e\000p\000r\000e\000s\000e\000n\000t\000a\000t\000i\000o\000n\000\040\000a\000n\000d\000\040\000E\000s\000t\000i\000m\000a\000t\000i\000o\000n\000\040\000V\000a\000r\000i\000a\000b\000l\000e\000s}{chapter.4}% 25
\BOOKMARK [2][-]{subsection.4.2.1}{\376\377\000P\000o\000s\000e\000\040\000v\000a\000r\000i\000a\000b\000l\000e\000s}{section.4.2}% 26
\BOOKMARK [2][-]{subsection.4.2.2}{\376\377\000M\000u\000l\000t\000i\000-\000r\000o\000b\000o\000t\000\040\000g\000l\000o\000b\000a\000l\000\040\000s\000t\000a\000t\000e}{section.4.2}% 27
\BOOKMARK [2][-]{subsection.4.2.3}{\376\377\000C\000o\000n\000s\000t\000r\000a\000i\000n\000t\000\040\000s\000e\000t\000s\000\040\000a\000n\000d\000\040\000p\000o\000s\000e\000\040\000g\000r\000a\000p\000h}{section.4.2}% 28
\BOOKMARK [2][-]{subsection.4.2.4}{\376\377\000R\000e\000f\000e\000r\000e\000n\000c\000e\000\040\000o\000p\000t\000i\000m\000i\000s\000a\000t\000i\000o\000n\000\040\000p\000r\000o\000b\000l\000e\000m}{section.4.2}% 29
\BOOKMARK [1][-]{section.4.3}{\376\377\000C\000o\000l\000l\000a\000b\000o\000r\000a\000t\000i\000v\000e\000\040\000S\000L\000A\000M\000\040\000B\000a\000c\000k\000e\000n\000d\000\040\000A\000r\000c\000h\000i\000t\000e\000c\000t\000u\000r\000e\000s}{chapter.4}% 30
\BOOKMARK [2][-]{subsection.4.3.1}{\376\377\000C\000e\000n\000t\000r\000a\000l\000i\000s\000e\000d\000\040\000C\000o\000l\000l\000a\000b\000o\000r\000a\000t\000i\000v\000e\000\040\000S\000L\000A\000M\000\040\000B\000a\000c\000k\000e\000n\000d}{section.4.3}% 31
\BOOKMARK [2][-]{subsection.4.3.2}{\376\377\000D\000e\000c\000e\000n\000t\000r\000a\000l\000i\000s\000e\000d\000\040\000D\000i\000s\000t\000r\000i\000b\000u\000t\000e\000d\000\040\000S\000L\000A\000M\000\040\000B\000a\000c\000k\000e\000n\000d}{section.4.3}% 32
\BOOKMARK [1][-]{section.4.4}{\376\377\000C\000o\000m\000m\000u\000n\000i\000c\000a\000t\000i\000o\000n\000\040\000M\000o\000d\000e\000l\000\040\000a\000n\000d\000\040\000N\000e\000t\000w\000o\000r\000k\000\040\000V\000a\000r\000i\000a\000b\000l\000e\000s}{chapter.4}% 33
\BOOKMARK [2][-]{subsection.4.4.1}{\376\377\000C\000o\000m\000m\000u\000n\000i\000c\000a\000t\000i\000o\000n\000\040\000M\000o\000d\000e\000l}{section.4.4}% 34
\BOOKMARK [2][-]{subsection.4.4.2}{\376\377\000N\000e\000t\000w\000o\000r\000k\000\040\000I\000m\000p\000a\000i\000r\000m\000e\000n\000t\000\040\000M\000o\000d\000e\000l}{section.4.4}% 35
\BOOKMARK [1][-]{section.4.5}{\376\377\000P\000e\000r\000f\000o\000r\000m\000a\000n\000c\000e\000\040\000M\000e\000t\000r\000i\000c\000s}{chapter.4}% 36
\BOOKMARK [2][-]{subsection.4.5.1}{\376\377\000T\000i\000m\000i\000n\000g\000\040\000M\000e\000t\000r\000i\000c\000s}{section.4.5}% 37
\BOOKMARK [2][-]{subsection.4.5.2}{\376\377\000A\000c\000c\000u\000r\000a\000c\000y\000\040\000M\000e\000t\000r\000i\000c\000s}{section.4.5}% 38
\BOOKMARK [2][-]{subsection.4.5.3}{\376\377\000R\000e\000s\000o\000u\000r\000c\000e\000\040\000M\000e\000t\000r\000i\000c\000s}{section.4.5}% 39
\BOOKMARK [0][-]{chapter.5}{\376\377\000I\000m\000p\000l\000e\000m\000e\000n\000t\000a\000t\000i\000o\000n}{}% 40
\BOOKMARK [1][-]{section.5.1}{\376\377\000D\000a\000t\000a\000s\000e\000t\000\040\000a\000n\000d\000\040\000F\000r\000o\000n\000t\000e\000n\000d}{chapter.5}% 41
\BOOKMARK [1][-]{section.5.2}{\376\377\000S\000y\000s\000t\000e\000m\000\040\000O\000v\000e\000r\000v\000i\000e\000w}{chapter.5}% 42
\BOOKMARK [1][-]{section.5.3}{\376\377\000O\000p\000e\000r\000a\000t\000i\000o\000n\000a\000l\000i\000s\000a\000t\000i\000o\000n\000\040\000o\000f\000\040\000t\000h\000e\000\040\000E\000x\000p\000e\000r\000i\000m\000e\000n\000t\000a\000l\000\040\000D\000e\000s\000i\000g\000n\000\040\000S\000p\000a\000c\000e}{chapter.5}% 43
\BOOKMARK [2][-]{subsection.5.3.1}{\376\377\000R\000O\000S\000\040\0002\000\040\000F\000a\000c\000t\000o\000r\000\040\000S\000t\000r\000e\000a\000m\000i\000n\000g}{section.5.3}% 44
\BOOKMARK [1][-]{section.5.4}{\376\377\000C\000e\000n\000t\000r\000a\000l\000i\000s\000e\000d\000\040\000B\000a\000c\000k\000\040\000E\000n\000d}{chapter.5}% 45
\BOOKMARK [2][-]{subsection.5.4.1}{\376\377\000I\000n\000p\000u\000t\000:\000\040\000F\000a\000c\000t\000o\000r\000\040\000I\000n\000g\000e\000s\000t\000i\000o\000n\000\040\000a\000n\000d\000\040\000B\000a\000t\000c\000h\000i\000n\000g}{section.5.4}% 46
\BOOKMARK [2][-]{subsection.5.4.2}{\376\377\000S\000o\000l\000v\000e\000:\000\040\000I\000n\000c\000r\000e\000m\000e\000n\000t\000a\000l\000\040\000O\000p\000t\000i\000m\000i\000s\000a\000t\000i\000o\000n\000\040\000w\000i\000t\000h\000\040\000i\000S\000A\000M\0002}{section.5.4}% 47
\BOOKMARK [2][-]{subsection.5.4.3}{\376\377\000O\000u\000t\000p\000u\000t\000:\000\040\000O\000p\000t\000i\000o\000n\000a\000l\000\040\000D\000o\000w\000n\000l\000i\000n\000k\000\040\000a\000n\000d\000\040\000A\000C\000K\000\040\000I\000n\000s\000t\000r\000u\000m\000e\000n\000t\000a\000t\000i\000o\000n}{section.5.4}% 48
\BOOKMARK [1][-]{section.5.5}{\376\377\000D\000e\000c\000e\000n\000t\000r\000a\000l\000i\000s\000e\000d\000\040\000B\000a\000c\000k\000\040\000E\000n\000d}{chapter.5}% 49
\BOOKMARK [2][-]{subsection.5.5.1}{\376\377\000I\000n\000p\000u\000t\000:\000\040\000D\000e\000t\000e\000r\000m\000i\000n\000i\000s\000t\000i\000c\000\040\000F\000a\000c\000t\000o\000r\000\040\000P\000a\000r\000t\000i\000t\000i\000o\000n\000i\000n\000g}{section.5.5}% 50
\BOOKMARK [2][-]{subsection.5.5.2}{\376\377\000S\000o\000l\000v\000e\000:\000\040\000L\000o\000c\000a\000l\000\040\000O\000p\000t\000i\000m\000i\000s\000a\000t\000i\000o\000n\000\040\000a\000n\000d\000\040\000R\000e\000m\000o\000t\000e\000-\000P\000r\000i\000o\000r\000\040\000R\000e\000f\000r\000e\000s\000h}{section.5.5}% 51
\BOOKMARK [2][-]{subsection.5.5.3}{\376\377\000O\000u\000t\000p\000u\000t\000:\000\040\000I\000n\000t\000e\000r\000f\000a\000c\000e\000\040\000E\000x\000c\000h\000a\000n\000g\000e\000\040\000a\000n\000d\000\040\000C\000o\000o\000r\000d\000i\000n\000a\000t\000i\000o\000n\000\040\000L\000o\000o\000p}{section.5.5}% 52
\BOOKMARK [2][-]{subsection.5.5.4}{\376\377\000C\000o\000m\000m\000u\000n\000i\000c\000a\000t\000i\000o\000n\000\040\000T\000r\000a\000n\000s\000p\000o\000r\000t\000\040\000a\000n\000d\000\040\000M\000e\000s\000s\000a\000g\000e\000\040\000S\000c\000h\000e\000m\000a}{section.5.5}% 53
\BOOKMARK [1][-]{section.5.6}{\376\377\000N\000e\000t\000w\000o\000r\000k\000\040\000I\000m\000p\000a\000i\000r\000m\000e\000n\000t\000\040\000a\000n\000d\000\040\000Q\000u\000a\000l\000i\000t\000y\000-\000o\000f\000-\000S\000e\000r\000v\000i\000c\000e\000\040\000I\000m\000p\000l\000e\000m\000e\000n\000t\000a\000t\000i\000o\000n}{chapter.5}% 54
\BOOKMARK [2][-]{subsection.5.6.1}{\376\377\000I\000m\000p\000a\000i\000r\000m\000e\000n\000t\000\040\000I\000n\000j\000e\000c\000t\000i\000o\000n\000\040\000P\000o\000i\000n\000t\000s}{section.5.6}% 55
\BOOKMARK [2][-]{subsection.5.6.2}{\376\377\000I\000m\000p\000a\000i\000r\000m\000e\000n\000t\000\040\000S\000e\000m\000a\000n\000t\000i\000c\000s\000\040\000R\000e\000l\000e\000v\000a\000n\000t\000\040\000t\000o\000\040\000K\000P\000I\000s}{section.5.6}% 56
\BOOKMARK [2][-]{subsection.5.6.3}{\376\377\000I\000m\000p\000a\000i\000r\000m\000e\000n\000t\000\040\000C\000o\000n\000f\000i\000g\000u\000r\000a\000t\000i\000o\000n}{section.5.6}% 57
\BOOKMARK [2][-]{subsection.5.6.4}{\376\377\000Q\000u\000a\000l\000i\000t\000y\000-\000o\000f\000-\000S\000e\000r\000v\000i\000c\000e\000\040\000C\000o\000n\000f\000i\000g\000u\000r\000a\000t\000i\000o\000n}{section.5.6}% 58
\BOOKMARK [2][-]{subsection.5.6.5}{\376\377\000T\000e\000a\000m\000\040\000S\000i\000z\000e\000\040\000S\000c\000a\000l\000i\000n\000g\000\040\000a\000n\000d\000\040\000N\000a\000m\000e\000s\000p\000a\000c\000e\000\040\000I\000s\000o\000l\000a\000t\000i\000o\000n}{section.5.6}% 59
\BOOKMARK [1][-]{section.5.7}{\376\377\000P\000e\000r\000f\000o\000r\000m\000a\000n\000c\000e\000\040\000M\000e\000t\000r\000i\000c\000s\000\040\000I\000n\000s\000t\000r\000u\000m\000e\000n\000t\000a\000t\000i\000o\000n}{chapter.5}% 60
\BOOKMARK [2][-]{subsection.5.7.1}{\376\377\000E\000v\000e\000n\000t\000\040\000L\000o\000g\000g\000i\000n\000g\000\040\000a\000n\000d\000\040\000D\000e\000r\000i\000v\000a\000t\000i\000o\000n\000\040\000P\000i\000p\000e\000l\000i\000n\000e}{section.5.7}% 61
\BOOKMARK [2][-]{subsection.5.7.2}{\376\377\000L\000a\000t\000e\000n\000c\000y\000\040\000I\000n\000s\000t\000r\000u\000m\000e\000n\000t\000a\000t\000i\000o\000n}{section.5.7}% 62
\BOOKMARK [2][-]{subsection.5.7.3}{\376\377\000A\000c\000c\000u\000r\000a\000c\000y\000\040\000I\000n\000s\000t\000r\000u\000m\000e\000n\000t\000a\000t\000i\000o\000n}{section.5.7}% 63
\BOOKMARK [2][-]{subsection.5.7.4}{\376\377\000R\000e\000s\000o\000u\000r\000c\000e\000\040\000a\000n\000d\000\040\000B\000a\000n\000d\000w\000i\000d\000t\000h\000\040\000I\000n\000s\000t\000r\000u\000m\000e\000n\000t\000a\000t\000i\000o\000n}{section.5.7}% 64
\BOOKMARK [0][-]{chapter.6}{\376\377\000E\000v\000a\000l\000u\000a\000t\000i\000o\000n}{}% 65
\BOOKMARK [1][-]{section.6.1}{\376\377\000E\000x\000p\000e\000r\000i\000m\000e\000n\000t\000a\000l\000\040\000p\000r\000o\000t\000o\000c\000o\000l\000\040\000a\000n\000d\000\040\000r\000e\000p\000o\000r\000t\000i\000n\000g\000\040\000c\000o\000n\000v\000e\000n\000t\000i\000o\000n\000s}{chapter.6}% 66
\BOOKMARK [2][-]{subsection.6.1.1}{\376\377\000P\000r\000o\000t\000o\000c\000o\000l\000\040\000a\000n\000d\000\040\000d\000e\000s\000i\000g\000n\000-\000s\000p\000a\000c\000e\000\040\000i\000n\000s\000t\000a\000n\000t\000i\000a\000t\000i\000o\000n}{section.6.1}% 67
\BOOKMARK [2][-]{subsection.6.1.2}{\376\377\000R\000e\000p\000o\000r\000t\000i\000n\000g\000\040\000c\000o\000n\000v\000e\000n\000t\000i\000o\000n\000s}{section.6.1}% 68
\BOOKMARK [2][-]{subsection.6.1.3}{\376\377\000T\000i\000m\000i\000n\000g\000\040\000s\000e\000m\000a\000n\000t\000i\000c\000s\000\040\000a\000n\000d\000\040\000c\000o\000n\000v\000e\000r\000g\000e\000n\000c\000e\000\040\000d\000e\000f\000i\000n\000i\000t\000i\000o\000n\000s}{section.6.1}% 69
\BOOKMARK [1][-]{section.6.2}{\376\377\000R\000e\000s\000u\000l\000t\000s\000\040\000o\000v\000e\000r\000v\000i\000e\000w}{chapter.6}% 70
\BOOKMARK [1][-]{section.6.3}{\376\377\000B\000a\000s\000e\000l\000i\000n\000e\000\040\000c\000o\000m\000p\000a\000r\000i\000s\000o\000n\000\040\000u\000n\000d\000e\000r\000\040\000n\000a\000t\000i\000v\000e\000\040\000d\000a\000t\000a\000s\000e\000t\000\040\000n\000e\000t\000w\000o\000r\000k\000i\000n\000g}{chapter.6}% 71
\BOOKMARK [2][-]{subsection.6.3.1}{\376\377\000R\000e\000f\000e\000r\000e\000n\000c\000e\000\040\000r\0003\000\040\000b\000a\000s\000e\000l\000i\000n\000e\000:\000\040\000c\000e\000n\000t\000r\000a\000l\000i\000s\000e\000d\000\040\000v\000s\000.\000\040\000d\000e\000c\000e\000n\000t\000r\000a\000l\000i\000s\000e\000d}{section.6.3}% 72
\BOOKMARK [2][-]{subsection.6.3.2}{\376\377\000S\000c\000a\000l\000a\000b\000i\000l\000i\000t\000y\000\040\000t\000r\000e\000n\000d\000\040\000\050\000r\0003\040\023\000r\0005\000\051}{section.6.3}% 73
\BOOKMARK [1][-]{section.6.4}{\376\377\000S\000e\000n\000s\000i\000t\000i\000v\000i\000t\000y\000\040\000t\000o\000\040\000R\000O\000S\0002\000\040\000Q\000o\000S\000\040\000p\000o\000l\000i\000c\000y}{chapter.6}% 74
\BOOKMARK [1][-]{section.6.5}{\376\377\000S\000e\000n\000s\000i\000t\000i\000v\000i\000t\000y\000\040\000t\000o\000\040\000s\000y\000n\000t\000h\000e\000t\000i\000c\000\040\000n\000e\000t\000w\000o\000r\000k\000\040\000i\000m\000p\000a\000i\000r\000m\000e\000n\000t\000s}{chapter.6}% 75
\BOOKMARK [2][-]{subsection.6.5.1}{\376\377\000C\000e\000n\000t\000r\000a\000l\000i\000s\000e\000d\000\040\000b\000a\000c\000k\000e\000n\000d\000\040\000u\000n\000d\000e\000r\000\040\000i\000m\000p\000a\000i\000r\000m\000e\000n\000t\000s}{section.6.5}% 76
\BOOKMARK [2][-]{subsection.6.5.2}{\376\377\000D\000e\000c\000e\000n\000t\000r\000a\000l\000i\000s\000e\000d\000\040\000b\000a\000c\000k\000e\000n\000d\000\040\000u\000n\000d\000e\000r\000\040\000i\000m\000p\000a\000i\000r\000m\000e\000n\000t\000s}{section.6.5}% 77
\BOOKMARK [1][-]{section.6.6}{\376\377\000R\000o\000b\000u\000s\000t\000n\000e\000s\000s\000\040\000a\000n\000d\000\040\000u\000n\000s\000u\000p\000p\000o\000r\000t\000e\000d\000\040\000c\000o\000n\000f\000i\000g\000u\000r\000a\000t\000i\000o\000n\000s}{chapter.6}% 78
\BOOKMARK [2][-]{subsection.6.6.1}{\376\377\000F\000a\000i\000l\000u\000r\000e\000\040\000m\000o\000d\000e\000\040\000a\000n\000a\000l\000y\000s\000i\000s\000\040\000\050\000d\000e\000c\000e\000n\000t\000r\000a\000l\000i\000s\000e\000d\000\040\000c\000r\000a\000s\000h\000e\000s\000\051}{section.6.6}% 79
\BOOKMARK [1][-]{section.6.7}{\376\377\000S\000y\000n\000t\000h\000e\000s\000i\000s\000\040\000a\000n\000d\000\040\000l\000i\000m\000i\000t\000a\000t\000i\000o\000n\000s}{chapter.6}% 80
\BOOKMARK [0][-]{chapter.7}{\376\377\000C\000o\000n\000c\000l\000u\000s\000i\000o\000n\000\040\000a\000n\000d\000\040\000F\000u\000t\000u\000r\000e\000\040\000W\000o\000r\000k\000s}{}% 81
\BOOKMARK [0][-]{appendix.A}{\376\377\000A\000p\000p\000e\000n\000d\000i\000x}{}% 82
